     1                                 %line 1+1 pr.asm
     2                                 
     3                                 
     4                                 
     5                                 
     6                                 
     7                                 
     8                                 
     9                                 
    10                                 
    11                                 
    12                                 
    13                                 
    14                                 
    15                                 
    16                                 
    17                                 [segment .text]
    18                                 [global _start]
    19                                 
    20                                 _start:
    21 00000000 B801000000              mov eax,1
    22 00000005 BB05000000              mov ebx,5
    23 0000000A CD80                    int 0x80
    24                                 
